Build started 26/11/2014 20:21:36.
     1>Project "C:\Users\Joee94\Documents\Uni\Year 2\PGG\Drawing\Drawing\Drawing.vcxproj" on node 2 (Build target(s)).
     1>ClCompile:
         C:\Program Files (x86)\Microsoft Visual Studio 12.0\VC\bin\CL.exe /c /I"SDL2_image-devel-2.0.0-VC\SDL2_image-2.0.0\include" /I"SDL2-2.0.3\include" /ZI /nologo /W3 /WX- /sdl /Od /Oy- /D WIN32 /D _DEBUG /D _CONSOLE /D _LIB /D _UNICODE /D UNICODE /Gm /EHsc /RTC1 /MDd /GS /Qpar /fp:fast /Zc:wchar_t /Zc:forScope /Fo"Debug\\" /Fd"Debug\vc120.pdb" /Gd /TP /analyze- /errorReport:prompt Circle.cpp
         Circle.cpp
     1>c:\users\joee94\documents\uni\year 2\pgg\drawing\drawing\circle.cpp(20): warning C4244: '=' : conversion from 'Sint32' to 'float', possible loss of data
     1>c:\users\joee94\documents\uni\year 2\pgg\drawing\drawing\circle.cpp(21): warning C4244: '=' : conversion from 'Sint32' to 'float', possible loss of data
     1>c:\users\joee94\documents\uni\year 2\pgg\drawing\drawing\circle.cpp(25): warning C4244: '=' : conversion from 'Sint32' to 'float', possible loss of data
     1>c:\users\joee94\documents\uni\year 2\pgg\drawing\drawing\circle.cpp(26): warning C4244: '=' : conversion from 'Sint32' to 'float', possible loss of data
     1>c:\users\joee94\documents\uni\year 2\pgg\drawing\drawing\circle.cpp(33): warning C4244: 'initializing' : conversion from 'float' to 'int', possible loss of data
     1>c:\users\joee94\documents\uni\year 2\pgg\drawing\drawing\circle.cpp(34): warning C4244: 'initializing' : conversion from 'float' to 'int', possible loss of data
     1>c:\users\joee94\documents\uni\year 2\pgg\drawing\drawing\circle.cpp(35): warning C4244: 'initializing' : conversion from 'float' to 'int', possible loss of data
     1>c:\users\joee94\documents\uni\year 2\pgg\drawing\drawing\circle.cpp(36): warning C4244: 'initializing' : conversion from 'float' to 'int', possible loss of data
     1>c:\users\joee94\documents\uni\year 2\pgg\drawing\drawing\circle.cpp(37): warning C4244: '=' : conversion from 'double' to 'float', possible loss of data
     1>c:\users\joee94\documents\uni\year 2\pgg\drawing\drawing\circle.cpp(38): warning C4244: 'initializing' : conversion from 'float' to 'int', possible loss of data
     1>c:\users\joee94\documents\uni\year 2\pgg\drawing\drawing\circle.cpp(40): warning C4244: '=' : conversion from 'int' to 'float', possible loss of data
       Link:
         C:\Program Files (x86)\Microsoft Visual Studio 12.0\VC\bin\link.exe /ERRORREPORT:PROMPT /OUT:"C:\Users\Joee94\Documents\Uni\Year 2\PGG\Drawing\Debug\Drawing.exe" /INCREMENTAL /NOLOGO /LIBPATH:"SDL2_image-devel-2.0.0-VC\SDL2_image-2.0.0\lib\x86" /LIBPATH:"SDL2-2.0.3\lib\x86" SDL2.lib SDL2main.lib SDL2_image.lib /MANIFEST /MANIFESTUAC:"level='asInvoker' uiAccess='false'" /manifest:embed /DEBUG /PDB:"C:\Users\Joee94\Documents\Uni\Year 2\PGG\Drawing\Debug\Drawing.pdb" /SUBSYSTEM:CONSOLE /TLBID:1 /DYNAMICBASE /NXCOMPAT /IMPLIB:"C:\Users\Joee94\Documents\Uni\Year 2\PGG\Drawing\Debug\Drawing.lib" /MACHINE:X86 Debug\Circle.obj
         Debug\main.obj
         Debug\Rectangle.obj
         Debug\Sprite.obj
         Debug\StraightLine.obj
         Drawing.vcxproj -> C:\Users\Joee94\Documents\Uni\Year 2\PGG\Drawing\Debug\Drawing.exe
     1>Done Building Project "C:\Users\Joee94\Documents\Uni\Year 2\PGG\Drawing\Drawing\Drawing.vcxproj" (Build target(s)).

Build succeeded.

Time Elapsed 00:00:00.76
